<?xml version="1.0" encoding="UTF-8"?>
<testng-results skipped="0" failed="0" ignored="0" total="0" passed="0">
  <reporter-output>
  </reporter-output>
  <suite name="Siddhi-Io-Cdc-Test-Suite1" duration-ms="11" started-at="2023-04-08T16:40:16Z" finished-at="2023-04-08T16:40:16Z">
    <groups>
    </groups>
    <test name="Siddhi-io-cdc-tests-1" duration-ms="11" started-at="2023-04-08T16:40:16Z" finished-at="2023-04-08T16:40:16Z">
    </test> <!-- Siddhi-io-cdc-tests-1 -->
  </suite> <!-- Siddhi-Io-Cdc-Test-Suite1 -->
</testng-results>
